[2025-11-09 21:21:17] [INFO] Script started with options: delay=1, dry-run=false, verbose=false
[2025-11-09 21:21:17] [INFO] Starting with 1388 messages
[2025-11-09 21:21:18] [INFO] Pulling from remote...
[2025-11-09 21:21:19] [SUCCESS] Pull successful
[2025-11-09 21:21:19] [INFO] Staging changes...
[2025-11-09 21:21:19] [INFO] Committing with message: fix: resolve AppKit connection state issues
[2025-11-09 21:21:20] [SUCCESS] Commit successful
[2025-11-09 21:21:20] [INFO] Pushing to remote...
[2025-11-09 21:21:20] [SUCCESS] Push successful
[2025-11-09 21:21:20] [INFO] Message removed from file
[2025-11-09 21:21:21] [INFO] Pulling from remote...
[2025-11-09 21:21:23] [SUCCESS] Pull successful
[2025-11-09 21:21:23] [INFO] Staging changes...
[2025-11-09 21:21:23] [INFO] Committing with message: feat: implement AppKit custom branding
[2025-11-09 21:21:23] [SUCCESS] Commit successful
[2025-11-09 21:21:23] [INFO] Pushing to remote...
[2025-11-09 21:21:23] [SUCCESS] Push successful
[2025-11-09 21:21:23] [INFO] Message removed from file
[2025-11-09 21:21:24] [INFO] Pulling from remote...
[2025-11-09 21:21:25] [SUCCESS] Pull successful
[2025-11-09 21:21:25] [INFO] Staging changes...
[2025-11-09 21:21:25] [INFO] Committing with message: refactor: update AppKit hooks usage
[2025-11-09 21:21:25] [SUCCESS] Commit successful
[2025-11-09 21:21:25] [INFO] Pushing to remote...
[2025-11-09 21:21:25] [SUCCESS] Push successful
[2025-11-09 21:21:25] [INFO] Message removed from file
[2025-11-09 21:21:27] [INFO] Pulling from remote...
[2025-11-09 21:21:28] [SUCCESS] Pull successful
[2025-11-09 21:21:28] [INFO] Staging changes...
